Using pre-set license
Built from '2020.3/staging' branch; Version is '2020.3.16f1 (049d6eca3c44) revision 302446'; Using compiler version '192528614'; Build Type 'Release'
OS: 'Windows 10 Home; OS build 19042.1415; Version 2009; 64bit' Language: 'zh' Physical Memory: 15789 MB
BatchMode: 1, IsHumanControllingUs: 0, StartBugReporterOnCrash: 0, Is64bit: 1, IsPro: 0

 COMMAND LINE ARGUMENTS:
C:\Program Files\Unity\Hub\Editor\2020.3.16f1\Editor\Unity.exe
-adb2
-batchMode
-noUpm
-name
AssetImportWorker0
-projectPath
C:/Users/willy/Documents/GitHub/Unity_lesson_photon_fusion/Unity_lesson_photon_fusion
-logFile
Logs/AssetImportWorker0.log
-srvPort
10744
Successfully changed project path to: C:/Users/willy/Documents/GitHub/Unity_lesson_photon_fusion/Unity_lesson_photon_fusion
C:/Users/willy/Documents/GitHub/Unity_lesson_photon_fusion/Unity_lesson_photon_fusion
Using Asset Import Pipeline V2.
Refreshing native plugins compatible for Editor in 54.30 ms, found 3 plugins.
Preloading 0 native plugins for Editor in 0.00 ms.
Initialize engine version: 2020.3.16f1 (049d6eca3c44)
[Subsystems] Discovering subsystems at path C:/Program Files/Unity/Hub/Editor/2020.3.16f1/Editor/Data/Resources/UnitySubsystems
[Subsystems] Discovering subsystems at path C:/Users/willy/Documents/GitHub/Unity_lesson_photon_fusion/Unity_lesson_photon_fusion/Assets
GfxDevice: creating device client; threaded=0
Direct3D:
    Version:  Direct3D 11.0 [level 11.1]
    Renderer: NVIDIA GeForce RTX 2060 (ID=0x1f15)
    Vendor:   
    VRAM:     5980 MB
    Driver:   30.0.14.9729
Initialize mono
Mono path[0] = 'C:/Program Files/Unity/Hub/Editor/2020.3.16f1/Editor/Data/Managed'
Mono path[1] = 'C:/Program Files/Unity/Hub/Editor/2020.3.16f1/Editor/Data/MonoBleedingEdge/lib/mono/unityjit'
Mono config path = 'C:/Program Files/Unity/Hub/Editor/2020.3.16f1/Editor/Data/MonoBleedingEdge/etc'
Using monoOptions --debugger-agent=transport=dt_socket,embedding=1,server=y,suspend=n,address=127.0.0.1:56536
Begin MonoManager ReloadAssembly
Registering precompiled unity dll's ...
Register platform support module: C:/Program Files/Unity/Hub/Editor/2020.3.16f1/Editor/Data/PlaybackEngines/WebGLSupport/UnityEditor.WebGL.Extensions.dll
Register platform support module: C:/Program Files/Unity/Hub/Editor/2020.3.16f1/Editor/Data/PlaybackEngines/WindowsStandaloneSupport/UnityEditor.WindowsStandalone.Extensions.dll
Registered in 0.006514 seconds.
Native extension for WindowsStandalone target not found
Native extension for WebGL target not found
Refreshing native plugins compatible for Editor in 35.04 ms, found 3 plugins.
Preloading 0 native plugins for Editor in 0.00 ms.
Mono: successfully reloaded assembly
- Completed reload, in  3.054 seconds
Domain Reload Profiling:
	ReloadAssembly (3054ms)
		BeginReloadAssembly (89ms)
			ExecutionOrderSort (0ms)
			DisableScriptedObjects (0ms)
			BackupInstance (0ms)
			ReleaseScriptingObjects (0ms)
			CreateAndSetChildDomain (1ms)
		EndReloadAssembly (502ms)
			LoadAssemblies (85ms)
			RebuildTransferFunctionScriptingTraits (0ms)
			SetupTypeCache (179ms)
			ReleaseScriptCaches (0ms)
			RebuildScriptCaches (32ms)
			SetupLoadedEditorAssemblies (188ms)
				LogAssemblyErrors (0ms)
				InitializePlatformSupportModulesInManaged (7ms)
				SetLoadedEditorAssemblies (0ms)
				RefreshPlugins (35ms)
				BeforeProcessingInitializeOnLoad (20ms)
				ProcessInitializeOnLoadAttributes (91ms)
				ProcessInitializeOnLoadMethodAttributes (34ms)
				AfterProcessingInitializeOnLoad (0ms)
				EditorAssembliesLoaded (0ms)
			ExecutionOrderSort2 (0ms)
			AwakeInstancesAfterBackupRestoration (0ms)
Platform modules already initialized, skipping
Registering precompiled user dll's ...
Registered in 0.019026 seconds.
Begin MonoManager ReloadAssembly
Native extension for WindowsStandalone target not found
Native extension for WebGL target not found
Refreshing native plugins compatible for Editor in 35.94 ms, found 3 plugins.
Preloading 0 native plugins for Editor in 0.00 ms.
Mono: successfully reloaded assembly
- Completed reload, in  1.480 seconds
Domain Reload Profiling:
	ReloadAssembly (1482ms)
		BeginReloadAssembly (183ms)
			ExecutionOrderSort (0ms)
			DisableScriptedObjects (5ms)
			BackupInstance (0ms)
			ReleaseScriptingObjects (0ms)
			CreateAndSetChildDomain (20ms)
		EndReloadAssembly (1216ms)
			LoadAssemblies (152ms)
			RebuildTransferFunctionScriptingTraits (0ms)
			SetupTypeCache (318ms)
			ReleaseScriptCaches (1ms)
			RebuildScriptCaches (49ms)
			SetupLoadedEditorAssemblies (570ms)
				LogAssemblyErrors (0ms)
				InitializePlatformSupportModulesInManaged (6ms)
				SetLoadedEditorAssemblies (0ms)
				RefreshPlugins (36ms)
				BeforeProcessingInitializeOnLoad (99ms)
				ProcessInitializeOnLoadAttributes (408ms)
				ProcessInitializeOnLoadMethodAttributes (5ms)
				AfterProcessingInitializeOnLoad (16ms)
				EditorAssembliesLoaded (0ms)
			ExecutionOrderSort2 (0ms)
			AwakeInstancesAfterBackupRestoration (6ms)
Platform modules already initialized, skipping
========================================================================
Worker process is ready to serve import requests
Launched and connected shader compiler UnityShaderCompiler.exe after 0.09 seconds
Refreshing native plugins compatible for Editor in 0.61 ms, found 3 plugins.
Preloading 0 native plugins for Editor in 0.00 ms.
Unloading 1480 Unused Serialized files (Serialized files now loaded: 0)
System memory in use before: 69.9 MB.
System memory in use after: 69.9 MB.

Unloading 36 unused Assets to reduce memory usage. Loaded Objects now: 1930.
Total: 5.393100 ms (FindLiveObjects: 0.193700 ms CreateObjectMapping: 0.033800 ms MarkObjects: 4.957000 ms  DeleteObjects: 0.206600 ms)

AssetImportParameters requested are different than current active one (requested -> active):
  custom:framework-win-MediaFoundation: 216162199b28c13a410421893ffa2e32 -> 
  custom:video-decoder-ogg-theora: a1e56fd34408186e4bbccfd4996cb3dc -> 
  custom:container-muxer-webm: aa71ff27fc2769a1b78a27578f13a17b -> 
  custom:container-demuxer-webm: 4f35f7cbe854078d1ac9338744f61a02 -> 
  custom:container-demuxer-ogg: 62fdf1f143b41e24485cea50d1cbac27 -> 
  custom:video-encoder-webm-vp8: eb34c28f22e8b96e1ab97ce403110664 -> 
  custom:video-decoder-webm-vp8: 9c59270c3fd7afecdb556c50c9e8de78 -> 
  custom:audio-decoder-ogg-vorbis: bf7c407c2cedff20999df2af8eb42d56 -> 
  custom:audio-encoder-webm-vorbis: bf7c407c2cedff20999df2af8eb42d56 -> 
========================================================================
Received Import Request.
  path: Assets/Script/Bullet.cs
  artifactKey: Guid(e9215ab8b5683654da049328e7552f8c) Importer(815301076,1909f56bfc062723c751e8b465ee728b)
Start importing Assets/Script/Bullet.cs using Guid(e9215ab8b5683654da049328e7552f8c) Importer(815301076,1909f56bfc062723c751e8b465ee728b)  -> (artifact id: '511717277c4447ae4d6090fe3c345eb2') in 0.038764 seconds 
  Import took 0.042708 seconds .

========================================================================
Received Prepare
Registering precompiled user dll's ...
Registered in 0.018337 seconds.
Begin MonoManager ReloadAssembly
Native extension for WindowsStandalone target not found
Native extension for WebGL target not found
Refreshing native plugins compatible for Editor in 0.47 ms, found 3 plugins.
Preloading 0 native plugins for Editor in 0.00 ms.
Mono: successfully reloaded assembly
- Completed reload, in  1.286 seconds
Domain Reload Profiling:
	ReloadAssembly (1287ms)
		BeginReloadAssembly (189ms)
			ExecutionOrderSort (0ms)
			DisableScriptedObjects (5ms)
			BackupInstance (0ms)
			ReleaseScriptingObjects (0ms)
			CreateAndSetChildDomain (53ms)
		EndReloadAssembly (1018ms)
			LoadAssemblies (147ms)
			RebuildTransferFunctionScriptingTraits (0ms)
			SetupTypeCache (299ms)
			ReleaseScriptCaches (1ms)
			RebuildScriptCaches (35ms)
			SetupLoadedEditorAssemblies (462ms)
				LogAssemblyErrors (0ms)
				InitializePlatformSupportModulesInManaged (6ms)
				SetLoadedEditorAssemblies (0ms)
				RefreshPlugins (1ms)
				BeforeProcessingInitializeOnLoad (94ms)
				ProcessInitializeOnLoadAttributes (343ms)
				ProcessInitializeOnLoadMethodAttributes (3ms)
				AfterProcessingInitializeOnLoad (15ms)
				EditorAssembliesLoaded (0ms)
			ExecutionOrderSort2 (0ms)
			AwakeInstancesAfterBackupRestoration (6ms)
Platform modules already initialized, skipping
Refreshing native plugins compatible for Editor in 0.56 ms, found 3 plugins.
Preloading 0 native plugins for Editor in 0.00 ms.
Unloading 1472 Unused Serialized files (Serialized files now loaded: 0)
System memory in use before: 69.6 MB.
System memory in use after: 69.7 MB.

Unloading 31 unused Assets to reduce memory usage. Loaded Objects now: 1932.
Total: 5.255700 ms (FindLiveObjects: 0.226600 ms CreateObjectMapping: 0.050300 ms MarkObjects: 4.923700 ms  DeleteObjects: 0.052900 ms)

AssetImportParameters requested are different than current active one (requested -> active):
  custom:framework-win-MediaFoundation: 216162199b28c13a410421893ffa2e32 -> 
  custom:video-decoder-ogg-theora: a1e56fd34408186e4bbccfd4996cb3dc -> 
  custom:container-muxer-webm: aa71ff27fc2769a1b78a27578f13a17b -> 
  custom:container-demuxer-webm: 4f35f7cbe854078d1ac9338744f61a02 -> 
  custom:container-demuxer-ogg: 62fdf1f143b41e24485cea50d1cbac27 -> 
  custom:video-encoder-webm-vp8: eb34c28f22e8b96e1ab97ce403110664 -> 
  custom:video-decoder-webm-vp8: 9c59270c3fd7afecdb556c50c9e8de78 -> 
  custom:audio-decoder-ogg-vorbis: bf7c407c2cedff20999df2af8eb42d56 -> 
  custom:audio-encoder-webm-vorbis: bf7c407c2cedff20999df2af8eb42d56 -> 
========================================================================
Received Import Request.
  Time since last request: 46.925558 seconds.
  path: Assets/Prefab/子彈物件.prefab
  artifactKey: Guid(d822ffc5d48807446a37538bb358d444) Importer(815301076,1909f56bfc062723c751e8b465ee728b)
Start importing Assets/Prefab/子彈物件.prefab using Guid(d822ffc5d48807446a37538bb358d444) Importer(815301076,1909f56bfc062723c751e8b465ee728b)  -> (artifact id: '85bef3b07071f8e6e33a2d1ef0f4545c') in 0.131587 seconds 
  Import took 0.134520 seconds .

========================================================================
Received Prepare
Refreshing native plugins compatible for Editor in 14.88 ms, found 3 plugins.
Preloading 0 native plugins for Editor in 0.00 ms.
Unloading 29 Unused Serialized files (Serialized files now loaded: 0)
System memory in use before: 44.0 MB.
System memory in use after: 44.1 MB.

Unloading 29 unused Assets to reduce memory usage. Loaded Objects now: 1939.
Total: 4.301100 ms (FindLiveObjects: 0.375400 ms CreateObjectMapping: 0.053400 ms MarkObjects: 3.847300 ms  DeleteObjects: 0.023500 ms)

AssetImportParameters requested are different than current active one (requested -> active):
  custom:framework-win-MediaFoundation: 216162199b28c13a410421893ffa2e32 -> 
  custom:video-decoder-ogg-theora: a1e56fd34408186e4bbccfd4996cb3dc -> 
  custom:container-muxer-webm: aa71ff27fc2769a1b78a27578f13a17b -> 
  custom:container-demuxer-webm: 4f35f7cbe854078d1ac9338744f61a02 -> 
  custom:container-demuxer-ogg: 62fdf1f143b41e24485cea50d1cbac27 -> 
  custom:FusionILWeaverTriggerImporter/ConfigHash: f389082646ef939f6b1c764bb9ec0d68 -> 
  custom:video-encoder-webm-vp8: eb34c28f22e8b96e1ab97ce403110664 -> 
  custom:video-decoder-webm-vp8: 9c59270c3fd7afecdb556c50c9e8de78 -> 
  custom:audio-decoder-ogg-vorbis: bf7c407c2cedff20999df2af8eb42d56 -> 
  custom:audio-encoder-webm-vorbis: bf7c407c2cedff20999df2af8eb42d56 -> 
========================================================================
Received Prepare
Registering precompiled user dll's ...
Registered in 0.016594 seconds.
Begin MonoManager ReloadAssembly
Native extension for WindowsStandalone target not found
Native extension for WebGL target not found
Refreshing native plugins compatible for Editor in 0.51 ms, found 3 plugins.
Preloading 0 native plugins for Editor in 0.00 ms.
Mono: successfully reloaded assembly
- Completed reload, in  1.329 seconds
Domain Reload Profiling:
	ReloadAssembly (1330ms)
		BeginReloadAssembly (153ms)
			ExecutionOrderSort (0ms)
			DisableScriptedObjects (4ms)
			BackupInstance (0ms)
			ReleaseScriptingObjects (0ms)
			CreateAndSetChildDomain (39ms)
		EndReloadAssembly (1087ms)
			LoadAssemblies (167ms)
			RebuildTransferFunctionScriptingTraits (0ms)
			SetupTypeCache (334ms)
			ReleaseScriptCaches (1ms)
			RebuildScriptCaches (38ms)
			SetupLoadedEditorAssemblies (465ms)
				LogAssemblyErrors (0ms)
				InitializePlatformSupportModulesInManaged (7ms)
				SetLoadedEditorAssemblies (0ms)
				RefreshPlugins (1ms)
				BeforeProcessingInitializeOnLoad (94ms)
				ProcessInitializeOnLoadAttributes (343ms)
				ProcessInitializeOnLoadMethodAttributes (3ms)
				AfterProcessingInitializeOnLoad (16ms)
				EditorAssembliesLoaded (0ms)
			ExecutionOrderSort2 (0ms)
			AwakeInstancesAfterBackupRestoration (8ms)
Platform modules already initialized, skipping
Refreshing native plugins compatible for Editor in 0.53 ms, found 3 plugins.
Preloading 0 native plugins for Editor in 0.00 ms.
Unloading 1472 Unused Serialized files (Serialized files now loaded: 0)
System memory in use before: 72.8 MB.
System memory in use after: 72.9 MB.

Unloading 31 unused Assets to reduce memory usage. Loaded Objects now: 1941.
Total: 2.971800 ms (FindLiveObjects: 0.200600 ms CreateObjectMapping: 0.037300 ms MarkObjects: 2.703000 ms  DeleteObjects: 0.028200 ms)

AssetImportParameters requested are different than current active one (requested -> active):
  custom:framework-win-MediaFoundation: 216162199b28c13a410421893ffa2e32 -> 
  custom:video-decoder-ogg-theora: a1e56fd34408186e4bbccfd4996cb3dc -> 
  custom:container-muxer-webm: aa71ff27fc2769a1b78a27578f13a17b -> 
  custom:container-demuxer-webm: 4f35f7cbe854078d1ac9338744f61a02 -> 
  custom:container-demuxer-ogg: 62fdf1f143b41e24485cea50d1cbac27 -> 
  custom:FusionILWeaverTriggerImporter/ConfigHash: f389082646ef939f6b1c764bb9ec0d68 -> 
  custom:video-encoder-webm-vp8: eb34c28f22e8b96e1ab97ce403110664 -> 
  custom:video-decoder-webm-vp8: 9c59270c3fd7afecdb556c50c9e8de78 -> 
  custom:audio-decoder-ogg-vorbis: bf7c407c2cedff20999df2af8eb42d56 -> 
  custom:audio-encoder-webm-vorbis: bf7c407c2cedff20999df2af8eb42d56 -> 
========================================================================
Received Import Request.
  Time since last request: 940.705507 seconds.
  path: Assets/Prefab/坦克.prefab
  artifactKey: Guid(742c05d33205b5e4ebf7cc57b8a158b6) Importer(815301076,1909f56bfc062723c751e8b465ee728b)
Start importing Assets/Prefab/坦克.prefab using Guid(742c05d33205b5e4ebf7cc57b8a158b6) Importer(815301076,1909f56bfc062723c751e8b465ee728b)  -> (artifact id: 'fd693f186766e0be86c18f423d1d5915') in 0.096450 seconds 
  Import took 0.100951 seconds .

========================================================================
Received Prepare
Registering precompiled user dll's ...
Registered in 0.017793 seconds.
Begin MonoManager ReloadAssembly
Native extension for WindowsStandalone target not found
Native extension for WebGL target not found
Refreshing native plugins compatible for Editor in 0.55 ms, found 3 plugins.
Preloading 0 native plugins for Editor in 0.00 ms.
Mono: successfully reloaded assembly
- Completed reload, in  1.261 seconds
Domain Reload Profiling:
	ReloadAssembly (1262ms)
		BeginReloadAssembly (153ms)
			ExecutionOrderSort (0ms)
			DisableScriptedObjects (4ms)
			BackupInstance (0ms)
			ReleaseScriptingObjects (0ms)
			CreateAndSetChildDomain (37ms)
		EndReloadAssembly (1014ms)
			LoadAssemblies (148ms)
			RebuildTransferFunctionScriptingTraits (0ms)
			SetupTypeCache (298ms)
			ReleaseScriptCaches (1ms)
			RebuildScriptCaches (37ms)
			SetupLoadedEditorAssemblies (455ms)
				LogAssemblyErrors (0ms)
				InitializePlatformSupportModulesInManaged (7ms)
				SetLoadedEditorAssemblies (1ms)
				RefreshPlugins (1ms)
				BeforeProcessingInitializeOnLoad (92ms)
				ProcessInitializeOnLoadAttributes (336ms)
				ProcessInitializeOnLoadMethodAttributes (3ms)
				AfterProcessingInitializeOnLoad (15ms)
				EditorAssembliesLoaded (0ms)
			ExecutionOrderSort2 (0ms)
			AwakeInstancesAfterBackupRestoration (6ms)
Platform modules already initialized, skipping
Refreshing native plugins compatible for Editor in 0.50 ms, found 3 plugins.
Preloading 0 native plugins for Editor in 0.00 ms.
Unloading 1472 Unused Serialized files (Serialized files now loaded: 0)
System memory in use before: 72.8 MB.
System memory in use after: 72.9 MB.

Unloading 31 unused Assets to reduce memory usage. Loaded Objects now: 1944.
Total: 3.157900 ms (FindLiveObjects: 0.215300 ms CreateObjectMapping: 0.033200 ms MarkObjects: 2.883700 ms  DeleteObjects: 0.023700 ms)

AssetImportParameters requested are different than current active one (requested -> active):
  custom:framework-win-MediaFoundation: 216162199b28c13a410421893ffa2e32 -> 
  custom:video-decoder-ogg-theora: a1e56fd34408186e4bbccfd4996cb3dc -> 
  custom:container-muxer-webm: aa71ff27fc2769a1b78a27578f13a17b -> 
  custom:container-demuxer-webm: 4f35f7cbe854078d1ac9338744f61a02 -> 
  custom:container-demuxer-ogg: 62fdf1f143b41e24485cea50d1cbac27 -> 
  custom:FusionILWeaverTriggerImporter/ConfigHash: f389082646ef939f6b1c764bb9ec0d68 -> 
  custom:video-encoder-webm-vp8: eb34c28f22e8b96e1ab97ce403110664 -> 
  custom:video-decoder-webm-vp8: 9c59270c3fd7afecdb556c50c9e8de78 -> 
  custom:audio-decoder-ogg-vorbis: bf7c407c2cedff20999df2af8eb42d56 -> 
  custom:audio-encoder-webm-vorbis: bf7c407c2cedff20999df2af8eb42d56 -> 
========================================================================
Received Import Request.
  Time since last request: 15.911242 seconds.
  path: Assets/Prefab/坦克.prefab
  artifactKey: Guid(742c05d33205b5e4ebf7cc57b8a158b6) Importer(815301076,1909f56bfc062723c751e8b465ee728b)
Start importing Assets/Prefab/坦克.prefab using Guid(742c05d33205b5e4ebf7cc57b8a158b6) Importer(815301076,1909f56bfc062723c751e8b465ee728b)  -> (artifact id: 'c087fe837ecbfb702235dd5945db55fd') in 0.074822 seconds 
  Import took 0.078589 seconds .

========================================================================
Received Import Request.
  Time since last request: 3.326797 seconds.
  path: Assets/Prefab/坦克.prefab
  artifactKey: Guid(742c05d33205b5e4ebf7cc57b8a158b6) Importer(815301076,1909f56bfc062723c751e8b465ee728b)
Start importing Assets/Prefab/坦克.prefab using Guid(742c05d33205b5e4ebf7cc57b8a158b6) Importer(815301076,1909f56bfc062723c751e8b465ee728b)  -> (artifact id: 'a5a8014c067df860f5b1a018bb3bc701') in 0.033870 seconds 
  Import took 0.037846 seconds .

========================================================================
Received Prepare
Registering precompiled user dll's ...
Registered in 0.016416 seconds.
Begin MonoManager ReloadAssembly
Native extension for WindowsStandalone target not found
Native extension for WebGL target not found
Refreshing native plugins compatible for Editor in 0.58 ms, found 3 plugins.
Preloading 0 native plugins for Editor in 0.00 ms.
Mono: successfully reloaded assembly
- Completed reload, in  1.265 seconds
Domain Reload Profiling:
	ReloadAssembly (1265ms)
		BeginReloadAssembly (184ms)
			ExecutionOrderSort (0ms)
			DisableScriptedObjects (4ms)
			BackupInstance (0ms)
			ReleaseScriptingObjects (0ms)
			CreateAndSetChildDomain (43ms)
		EndReloadAssembly (992ms)
			LoadAssemblies (172ms)
			RebuildTransferFunctionScriptingTraits (0ms)
			SetupTypeCache (285ms)
			ReleaseScriptCaches (1ms)
			RebuildScriptCaches (36ms)
			SetupLoadedEditorAssemblies (451ms)
				LogAssemblyErrors (0ms)
				InitializePlatformSupportModulesInManaged (7ms)
				SetLoadedEditorAssemblies (1ms)
				RefreshPlugins (1ms)
				BeforeProcessingInitializeOnLoad (92ms)
				ProcessInitializeOnLoadAttributes (332ms)
				ProcessInitializeOnLoadMethodAttributes (3ms)
				AfterProcessingInitializeOnLoad (15ms)
				EditorAssembliesLoaded (0ms)
			ExecutionOrderSort2 (0ms)
			AwakeInstancesAfterBackupRestoration (5ms)
Platform modules already initialized, skipping
Refreshing native plugins compatible for Editor in 0.61 ms, found 3 plugins.
Preloading 0 native plugins for Editor in 0.00 ms.
Unloading 1472 Unused Serialized files (Serialized files now loaded: 0)
System memory in use before: 72.8 MB.
System memory in use after: 73.0 MB.

Unloading 31 unused Assets to reduce memory usage. Loaded Objects now: 1947.
Total: 3.060700 ms (FindLiveObjects: 0.206100 ms CreateObjectMapping: 0.036800 ms MarkObjects: 2.790100 ms  DeleteObjects: 0.025500 ms)

AssetImportParameters requested are different than current active one (requested -> active):
  custom:framework-win-MediaFoundation: 216162199b28c13a410421893ffa2e32 -> 
  custom:video-decoder-ogg-theora: a1e56fd34408186e4bbccfd4996cb3dc -> 
  custom:container-muxer-webm: aa71ff27fc2769a1b78a27578f13a17b -> 
  custom:container-demuxer-webm: 4f35f7cbe854078d1ac9338744f61a02 -> 
  custom:container-demuxer-ogg: 62fdf1f143b41e24485cea50d1cbac27 -> 
  custom:FusionILWeaverTriggerImporter/ConfigHash: f389082646ef939f6b1c764bb9ec0d68 -> 
  custom:video-encoder-webm-vp8: eb34c28f22e8b96e1ab97ce403110664 -> 
  custom:video-decoder-webm-vp8: 9c59270c3fd7afecdb556c50c9e8de78 -> 
  custom:audio-decoder-ogg-vorbis: bf7c407c2cedff20999df2af8eb42d56 -> 
  custom:audio-encoder-webm-vorbis: bf7c407c2cedff20999df2af8eb42d56 -> 
========================================================================
Received Prepare
Registering precompiled user dll's ...
Registered in 0.017963 seconds.
Begin MonoManager ReloadAssembly
Native extension for WindowsStandalone target not found
Native extension for WebGL target not found
Refreshing native plugins compatible for Editor in 0.52 ms, found 3 plugins.
Preloading 0 native plugins for Editor in 0.00 ms.
Mono: successfully reloaded assembly
- Completed reload, in  1.294 seconds
Domain Reload Profiling:
	ReloadAssembly (1295ms)
		BeginReloadAssembly (172ms)
			ExecutionOrderSort (0ms)
			DisableScriptedObjects (5ms)
			BackupInstance (0ms)
			ReleaseScriptingObjects (0ms)
			CreateAndSetChildDomain (48ms)
		EndReloadAssembly (1033ms)
			LoadAssemblies (152ms)
			RebuildTransferFunctionScriptingTraits (0ms)
			SetupTypeCache (300ms)
			ReleaseScriptCaches (1ms)
			RebuildScriptCaches (35ms)
			SetupLoadedEditorAssemblies (471ms)
				LogAssemblyErrors (0ms)
				InitializePlatformSupportModulesInManaged (8ms)
				SetLoadedEditorAssemblies (0ms)
				RefreshPlugins (1ms)
				BeforeProcessingInitializeOnLoad (94ms)
				ProcessInitializeOnLoadAttributes (347ms)
				ProcessInitializeOnLoadMethodAttributes (4ms)
				AfterProcessingInitializeOnLoad (16ms)
				EditorAssembliesLoaded (0ms)
			ExecutionOrderSort2 (0ms)
			AwakeInstancesAfterBackupRestoration (5ms)
Platform modules already initialized, skipping
Refreshing native plugins compatible for Editor in 0.58 ms, found 3 plugins.
Preloading 0 native plugins for Editor in 0.00 ms.
Unloading 1472 Unused Serialized files (Serialized files now loaded: 0)
System memory in use before: 72.9 MB.
System memory in use after: 73.0 MB.

Unloading 31 unused Assets to reduce memory usage. Loaded Objects now: 1949.
Total: 3.082300 ms (FindLiveObjects: 0.237000 ms CreateObjectMapping: 0.035600 ms MarkObjects: 2.781500 ms  DeleteObjects: 0.026400 ms)

AssetImportParameters requested are different than current active one (requested -> active):
  custom:framework-win-MediaFoundation: 216162199b28c13a410421893ffa2e32 -> 
  custom:video-decoder-ogg-theora: a1e56fd34408186e4bbccfd4996cb3dc -> 
  custom:container-muxer-webm: aa71ff27fc2769a1b78a27578f13a17b -> 
  custom:container-demuxer-webm: 4f35f7cbe854078d1ac9338744f61a02 -> 
  custom:container-demuxer-ogg: 62fdf1f143b41e24485cea50d1cbac27 -> 
  custom:FusionILWeaverTriggerImporter/ConfigHash: f389082646ef939f6b1c764bb9ec0d68 -> 
  custom:video-encoder-webm-vp8: eb34c28f22e8b96e1ab97ce403110664 -> 
  custom:video-decoder-webm-vp8: 9c59270c3fd7afecdb556c50c9e8de78 -> 
  custom:audio-decoder-ogg-vorbis: bf7c407c2cedff20999df2af8eb42d56 -> 
  custom:audio-encoder-webm-vorbis: bf7c407c2cedff20999df2af8eb42d56 -> 
========================================================================
Received Import Request.
  Time since last request: 1534.430559 seconds.
  path: Assets/Script/NetworkInputData.cs
  artifactKey: Guid(35ed99affb18bf147b4e54a167d05b24) Importer(815301076,1909f56bfc062723c751e8b465ee728b)
Start importing Assets/Script/NetworkInputData.cs using Guid(35ed99affb18bf147b4e54a167d05b24) Importer(815301076,1909f56bfc062723c751e8b465ee728b)  -> (artifact id: 'acc276bb83022afb3fac879a229d8ea2') in 0.011865 seconds 
  Import took 0.015624 seconds .

========================================================================
Received Prepare
Registering precompiled user dll's ...
Registered in 0.180563 seconds.
Begin MonoManager ReloadAssembly
Native extension for WindowsStandalone target not found
Native extension for WebGL target not found
Refreshing native plugins compatible for Editor in 0.71 ms, found 3 plugins.
Preloading 0 native plugins for Editor in 0.00 ms.
Mono: successfully reloaded assembly
- Completed reload, in  1.296 seconds
Domain Reload Profiling:
	ReloadAssembly (1296ms)
		BeginReloadAssembly (155ms)
			ExecutionOrderSort (0ms)
			DisableScriptedObjects (5ms)
			BackupInstance (0ms)
			ReleaseScriptingObjects (0ms)
			CreateAndSetChildDomain (46ms)
		EndReloadAssembly (1064ms)
			LoadAssemblies (123ms)
			RebuildTransferFunctionScriptingTraits (0ms)
			SetupTypeCache (294ms)
			ReleaseScriptCaches (1ms)
			RebuildScriptCaches (36ms)
			SetupLoadedEditorAssemblies (527ms)
				LogAssemblyErrors (0ms)
				InitializePlatformSupportModulesInManaged (7ms)
				SetLoadedEditorAssemblies (1ms)
				RefreshPlugins (1ms)
				BeforeProcessingInitializeOnLoad (91ms)
				ProcessInitializeOnLoadAttributes (409ms)
				ProcessInitializeOnLoadMethodAttributes (3ms)
				AfterProcessingInitializeOnLoad (15ms)
				EditorAssembliesLoaded (0ms)
			ExecutionOrderSort2 (0ms)
			AwakeInstancesAfterBackupRestoration (5ms)
Platform modules already initialized, skipping
Refreshing native plugins compatible for Editor in 0.48 ms, found 3 plugins.
Preloading 0 native plugins for Editor in 0.00 ms.
Unloading 1472 Unused Serialized files (Serialized files now loaded: 0)
System memory in use before: 72.9 MB.
System memory in use after: 73.0 MB.

Unloading 31 unused Assets to reduce memory usage. Loaded Objects now: 1951.
Total: 3.530100 ms (FindLiveObjects: 0.362000 ms CreateObjectMapping: 0.039100 ms MarkObjects: 3.093700 ms  DeleteObjects: 0.030900 ms)

AssetImportParameters requested are different than current active one (requested -> active):
  custom:framework-win-MediaFoundation: 216162199b28c13a410421893ffa2e32 -> 
  custom:video-decoder-ogg-theora: a1e56fd34408186e4bbccfd4996cb3dc -> 
  custom:container-muxer-webm: aa71ff27fc2769a1b78a27578f13a17b -> 
  custom:container-demuxer-webm: 4f35f7cbe854078d1ac9338744f61a02 -> 
  custom:container-demuxer-ogg: 62fdf1f143b41e24485cea50d1cbac27 -> 
  custom:FusionILWeaverTriggerImporter/ConfigHash: f389082646ef939f6b1c764bb9ec0d68 -> 
  custom:video-encoder-webm-vp8: eb34c28f22e8b96e1ab97ce403110664 -> 
  custom:video-decoder-webm-vp8: 9c59270c3fd7afecdb556c50c9e8de78 -> 
  custom:audio-decoder-ogg-vorbis: bf7c407c2cedff20999df2af8eb42d56 -> 
  custom:audio-encoder-webm-vorbis: bf7c407c2cedff20999df2af8eb42d56 -> 
========================================================================
Received Import Request.
  Time since last request: 1627.723630 seconds.
  path: Assets/Prefab/坦克.prefab
  artifactKey: Guid(742c05d33205b5e4ebf7cc57b8a158b6) Importer(815301076,1909f56bfc062723c751e8b465ee728b)
Start importing Assets/Prefab/坦克.prefab using Guid(742c05d33205b5e4ebf7cc57b8a158b6) Importer(815301076,1909f56bfc062723c751e8b465ee728b)  -> (artifact id: '0e7b4b43a3f65913f0ae70094e060040') in 0.183758 seconds 
  Import took 0.187318 seconds .

========================================================================
Received Import Request.
  Time since last request: 0.061505 seconds.
  path: Assets/Prefab/坦克.prefab
  artifactKey: Guid(742c05d33205b5e4ebf7cc57b8a158b6) Importer(815301076,1909f56bfc062723c751e8b465ee728b)
Start importing Assets/Prefab/坦克.prefab using Guid(742c05d33205b5e4ebf7cc57b8a158b6) Importer(815301076,1909f56bfc062723c751e8b465ee728b)  -> (artifact id: '0e7b4b43a3f65913f0ae70094e060040') in 0.042439 seconds 
  Import took 0.046162 seconds .

========================================================================
Received Prepare
Registering precompiled user dll's ...
Registered in 0.016240 seconds.
Begin MonoManager ReloadAssembly
Native extension for WindowsStandalone target not found
Native extension for WebGL target not found
Refreshing native plugins compatible for Editor in 0.47 ms, found 3 plugins.
Preloading 0 native plugins for Editor in 0.00 ms.
Mono: successfully reloaded assembly
- Completed reload, in  1.244 seconds
Domain Reload Profiling:
	ReloadAssembly (1245ms)
		BeginReloadAssembly (147ms)
			ExecutionOrderSort (0ms)
			DisableScriptedObjects (3ms)
			BackupInstance (0ms)
			ReleaseScriptingObjects (0ms)
			CreateAndSetChildDomain (37ms)
		EndReloadAssembly (1012ms)
			LoadAssemblies (135ms)
			RebuildTransferFunctionScriptingTraits (0ms)
			SetupTypeCache (302ms)
			ReleaseScriptCaches (1ms)
			RebuildScriptCaches (36ms)
			SetupLoadedEditorAssemblies (454ms)
				LogAssemblyErrors (0ms)
				InitializePlatformSupportModulesInManaged (7ms)
				SetLoadedEditorAssemblies (0ms)
				RefreshPlugins (1ms)
				BeforeProcessingInitializeOnLoad (88ms)
				ProcessInitializeOnLoadAttributes (340ms)
				ProcessInitializeOnLoadMethodAttributes (3ms)
				AfterProcessingInitializeOnLoad (16ms)
				EditorAssembliesLoaded (0ms)
			ExecutionOrderSort2 (0ms)
			AwakeInstancesAfterBackupRestoration (6ms)
Platform modules already initialized, skipping
Refreshing native plugins compatible for Editor in 0.49 ms, found 3 plugins.
Preloading 0 native plugins for Editor in 0.00 ms.
Unloading 1472 Unused Serialized files (Serialized files now loaded: 0)
System memory in use before: 72.9 MB.
System memory in use after: 73.0 MB.

Unloading 31 unused Assets to reduce memory usage. Loaded Objects now: 1954.
Total: 4.121700 ms (FindLiveObjects: 0.263000 ms CreateObjectMapping: 0.043200 ms MarkObjects: 3.786800 ms  DeleteObjects: 0.026500 ms)

AssetImportParameters requested are different than current active one (requested -> active):
  custom:framework-win-MediaFoundation: 216162199b28c13a410421893ffa2e32 -> 
  custom:video-decoder-ogg-theora: a1e56fd34408186e4bbccfd4996cb3dc -> 
  custom:container-muxer-webm: aa71ff27fc2769a1b78a27578f13a17b -> 
  custom:container-demuxer-webm: 4f35f7cbe854078d1ac9338744f61a02 -> 
  custom:container-demuxer-ogg: 62fdf1f143b41e24485cea50d1cbac27 -> 
  custom:FusionILWeaverTriggerImporter/ConfigHash: f389082646ef939f6b1c764bb9ec0d68 -> 
  custom:video-encoder-webm-vp8: eb34c28f22e8b96e1ab97ce403110664 -> 
  custom:video-decoder-webm-vp8: 9c59270c3fd7afecdb556c50c9e8de78 -> 
  custom:audio-decoder-ogg-vorbis: bf7c407c2cedff20999df2af8eb42d56 -> 
  custom:audio-encoder-webm-vorbis: bf7c407c2cedff20999df2af8eb42d56 -> 
========================================================================
Received Import Request.
  Time since last request: 100.820120 seconds.
  path: Assets/Prefab/坦克.prefab
  artifactKey: Guid(742c05d33205b5e4ebf7cc57b8a158b6) Importer(815301076,1909f56bfc062723c751e8b465ee728b)
Start importing Assets/Prefab/坦克.prefab using Guid(742c05d33205b5e4ebf7cc57b8a158b6) Importer(815301076,1909f56bfc062723c751e8b465ee728b)  -> (artifact id: '3934520f7f3e001563871d9bae04c944') in 0.078293 seconds 
  Import took 0.082492 seconds .

========================================================================
Received Import Request.
  Time since last request: 0.102693 seconds.
  path: Assets/Prefab/坦克.prefab
  artifactKey: Guid(742c05d33205b5e4ebf7cc57b8a158b6) Importer(815301076,1909f56bfc062723c751e8b465ee728b)
Start importing Assets/Prefab/坦克.prefab using Guid(742c05d33205b5e4ebf7cc57b8a158b6) Importer(815301076,1909f56bfc062723c751e8b465ee728b)  -> (artifact id: '3934520f7f3e001563871d9bae04c944') in 0.031807 seconds 
  Import took 0.035359 seconds .

========================================================================
Received Prepare
Registering precompiled user dll's ...
Registered in 0.018268 seconds.
Begin MonoManager ReloadAssembly
Native extension for WindowsStandalone target not found
Native extension for WebGL target not found
Refreshing native plugins compatible for Editor in 0.77 ms, found 3 plugins.
Preloading 0 native plugins for Editor in 0.00 ms.
Mono: successfully reloaded assembly
- Completed reload, in  1.208 seconds
Domain Reload Profiling:
	ReloadAssembly (1208ms)
		BeginReloadAssembly (143ms)
			ExecutionOrderSort (0ms)
			DisableScriptedObjects (3ms)
			BackupInstance (0ms)
			ReleaseScriptingObjects (0ms)
			CreateAndSetChildDomain (34ms)
		EndReloadAssembly (987ms)
			LoadAssemblies (129ms)
			RebuildTransferFunctionScriptingTraits (0ms)
			SetupTypeCache (288ms)
			ReleaseScriptCaches (1ms)
			RebuildScriptCaches (38ms)
			SetupLoadedEditorAssemblies (442ms)
				LogAssemblyErrors (0ms)
				InitializePlatformSupportModulesInManaged (7ms)
				SetLoadedEditorAssemblies (1ms)
				RefreshPlugins (1ms)
				BeforeProcessingInitializeOnLoad (89ms)
				ProcessInitializeOnLoadAttributes (324ms)
				ProcessInitializeOnLoadMethodAttributes (4ms)
				AfterProcessingInitializeOnLoad (15ms)
				EditorAssembliesLoaded (0ms)
			ExecutionOrderSort2 (0ms)
			AwakeInstancesAfterBackupRestoration (6ms)
Platform modules already initialized, skipping
Refreshing native plugins compatible for Editor in 0.49 ms, found 3 plugins.
Preloading 0 native plugins for Editor in 0.00 ms.
Unloading 1472 Unused Serialized files (Serialized files now loaded: 0)
System memory in use before: 72.9 MB.
System memory in use after: 73.0 MB.

Unloading 31 unused Assets to reduce memory usage. Loaded Objects now: 1957.
Total: 3.909600 ms (FindLiveObjects: 0.255600 ms CreateObjectMapping: 0.071800 ms MarkObjects: 3.552600 ms  DeleteObjects: 0.027900 ms)

AssetImportParameters requested are different than current active one (requested -> active):
  custom:framework-win-MediaFoundation: 216162199b28c13a410421893ffa2e32 -> 
  custom:video-decoder-ogg-theora: a1e56fd34408186e4bbccfd4996cb3dc -> 
  custom:container-muxer-webm: aa71ff27fc2769a1b78a27578f13a17b -> 
  custom:container-demuxer-webm: 4f35f7cbe854078d1ac9338744f61a02 -> 
  custom:container-demuxer-ogg: 62fdf1f143b41e24485cea50d1cbac27 -> 
  custom:FusionILWeaverTriggerImporter/ConfigHash: f389082646ef939f6b1c764bb9ec0d68 -> 
  custom:video-encoder-webm-vp8: eb34c28f22e8b96e1ab97ce403110664 -> 
  custom:video-decoder-webm-vp8: 9c59270c3fd7afecdb556c50c9e8de78 -> 
  custom:audio-decoder-ogg-vorbis: bf7c407c2cedff20999df2af8eb42d56 -> 
  custom:audio-encoder-webm-vorbis: bf7c407c2cedff20999df2af8eb42d56 -> 
========================================================================
Received Prepare
Registering precompiled user dll's ...
Registered in 0.023785 seconds.
Begin MonoManager ReloadAssembly
Native extension for WindowsStandalone target not found
Native extension for WebGL target not found
Refreshing native plugins compatible for Editor in 0.58 ms, found 3 plugins.
Preloading 0 native plugins for Editor in 0.00 ms.
Mono: successfully reloaded assembly
- Completed reload, in  1.506 seconds
Domain Reload Profiling:
	ReloadAssembly (1506ms)
		BeginReloadAssembly (178ms)
			ExecutionOrderSort (0ms)
			DisableScriptedObjects (4ms)
			BackupInstance (0ms)
			ReleaseScriptingObjects (0ms)
			CreateAndSetChildDomain (46ms)
		EndReloadAssembly (1240ms)
			LoadAssemblies (161ms)
			RebuildTransferFunctionScriptingTraits (0ms)
			SetupTypeCache (343ms)
			ReleaseScriptCaches (1ms)
			RebuildScriptCaches (46ms)
			SetupLoadedEditorAssemblies (604ms)
				LogAssemblyErrors (0ms)
				InitializePlatformSupportModulesInManaged (9ms)
				SetLoadedEditorAssemblies (1ms)
				RefreshPlugins (1ms)
				BeforeProcessingInitializeOnLoad (142ms)
				ProcessInitializeOnLoadAttributes (431ms)
				ProcessInitializeOnLoadMethodAttributes (3ms)
				AfterProcessingInitializeOnLoad (17ms)
				EditorAssembliesLoaded (0ms)
			ExecutionOrderSort2 (0ms)
			AwakeInstancesAfterBackupRestoration (7ms)
Platform modules already initialized, skipping
Refreshing native plugins compatible for Editor in 0.52 ms, found 3 plugins.
Preloading 0 native plugins for Editor in 0.00 ms.
Unloading 1472 Unused Serialized files (Serialized files now loaded: 0)
System memory in use before: 72.9 MB.
System memory in use after: 73.0 MB.

Unloading 31 unused Assets to reduce memory usage. Loaded Objects now: 1959.
Total: 4.205700 ms (FindLiveObjects: 0.274400 ms CreateObjectMapping: 0.043400 ms MarkObjects: 3.859500 ms  DeleteObjects: 0.024200 ms)

AssetImportParameters requested are different than current active one (requested -> active):
  custom:framework-win-MediaFoundation: 216162199b28c13a410421893ffa2e32 -> 
  custom:video-decoder-ogg-theora: a1e56fd34408186e4bbccfd4996cb3dc -> 
  custom:container-muxer-webm: aa71ff27fc2769a1b78a27578f13a17b -> 
  custom:container-demuxer-webm: 4f35f7cbe854078d1ac9338744f61a02 -> 
  custom:container-demuxer-ogg: 62fdf1f143b41e24485cea50d1cbac27 -> 
  custom:FusionILWeaverTriggerImporter/ConfigHash: f389082646ef939f6b1c764bb9ec0d68 -> 
  custom:video-encoder-webm-vp8: eb34c28f22e8b96e1ab97ce403110664 -> 
  custom:video-decoder-webm-vp8: 9c59270c3fd7afecdb556c50c9e8de78 -> 
  custom:audio-decoder-ogg-vorbis: bf7c407c2cedff20999df2af8eb42d56 -> 
  custom:audio-encoder-webm-vorbis: bf7c407c2cedff20999df2af8eb42d56 -> 
========================================================================
Received Import Request.
  Time since last request: 368.005897 seconds.
  path: Assets/Prefab/子彈物件.prefab
  artifactKey: Guid(d822ffc5d48807446a37538bb358d444) Importer(815301076,1909f56bfc062723c751e8b465ee728b)
Start importing Assets/Prefab/子彈物件.prefab using Guid(d822ffc5d48807446a37538bb358d444) Importer(815301076,1909f56bfc062723c751e8b465ee728b)  -> (artifact id: '41a01a678161a7e330b43830ea982069') in 0.099196 seconds 
  Import took 0.102827 seconds .

========================================================================
Received Prepare
Registering precompiled user dll's ...
Registered in 0.019374 seconds.
Begin MonoManager ReloadAssembly
Native extension for WindowsStandalone target not found
Native extension for WebGL target not found
Refreshing native plugins compatible for Editor in 0.50 ms, found 3 plugins.
Preloading 0 native plugins for Editor in 0.00 ms.
Mono: successfully reloaded assembly
- Completed reload, in  1.354 seconds
Domain Reload Profiling:
	ReloadAssembly (1355ms)
		BeginReloadAssembly (206ms)
			ExecutionOrderSort (0ms)
			DisableScriptedObjects (4ms)
			BackupInstance (0ms)
			ReleaseScriptingObjects (0ms)
			CreateAndSetChildDomain (58ms)
		EndReloadAssembly (1062ms)
			LoadAssemblies (174ms)
			RebuildTransferFunctionScriptingTraits (0ms)
			SetupTypeCache (295ms)
			ReleaseScriptCaches (1ms)
			RebuildScriptCaches (41ms)
			SetupLoadedEditorAssemblies (495ms)
				LogAssemblyErrors (0ms)
				InitializePlatformSupportModulesInManaged (7ms)
				SetLoadedEditorAssemblies (0ms)
				RefreshPlugins (1ms)
				BeforeProcessingInitializeOnLoad (99ms)
				ProcessInitializeOnLoadAttributes (366ms)
				ProcessInitializeOnLoadMethodAttributes (5ms)
				AfterProcessingInitializeOnLoad (18ms)
				EditorAssembliesLoaded (0ms)
			ExecutionOrderSort2 (0ms)
			AwakeInstancesAfterBackupRestoration (9ms)
Platform modules already initialized, skipping
Refreshing native plugins compatible for Editor in 0.88 ms, found 3 plugins.
Preloading 0 native plugins for Editor in 0.00 ms.
Unloading 1472 Unused Serialized files (Serialized files now loaded: 0)
System memory in use before: 72.9 MB.
System memory in use after: 73.0 MB.

Unloading 31 unused Assets to reduce memory usage. Loaded Objects now: 1962.
Total: 3.435900 ms (FindLiveObjects: 0.219100 ms CreateObjectMapping: 0.035400 ms MarkObjects: 3.151600 ms  DeleteObjects: 0.026500 ms)

AssetImportParameters requested are different than current active one (requested -> active):
  custom:framework-win-MediaFoundation: 216162199b28c13a410421893ffa2e32 -> 
  custom:video-decoder-ogg-theora: a1e56fd34408186e4bbccfd4996cb3dc -> 
  custom:container-muxer-webm: aa71ff27fc2769a1b78a27578f13a17b -> 
  custom:container-demuxer-webm: 4f35f7cbe854078d1ac9338744f61a02 -> 
  custom:container-demuxer-ogg: 62fdf1f143b41e24485cea50d1cbac27 -> 
  custom:FusionILWeaverTriggerImporter/ConfigHash: f389082646ef939f6b1c764bb9ec0d68 -> 
  custom:video-encoder-webm-vp8: eb34c28f22e8b96e1ab97ce403110664 -> 
  custom:video-decoder-webm-vp8: 9c59270c3fd7afecdb556c50c9e8de78 -> 
  custom:audio-decoder-ogg-vorbis: bf7c407c2cedff20999df2af8eb42d56 -> 
  custom:audio-encoder-webm-vorbis: bf7c407c2cedff20999df2af8eb42d56 -> 
========================================================================
Received Prepare
Registering precompiled user dll's ...
Registered in 0.028708 seconds.
Begin MonoManager ReloadAssembly
Native extension for WindowsStandalone target not found
Native extension for WebGL target not found
Refreshing native plugins compatible for Editor in 0.74 ms, found 3 plugins.
Preloading 0 native plugins for Editor in 0.00 ms.
Mono: successfully reloaded assembly
- Completed reload, in  1.263 seconds
Domain Reload Profiling:
	ReloadAssembly (1264ms)
		BeginReloadAssembly (160ms)
			ExecutionOrderSort (0ms)
			DisableScriptedObjects (4ms)
			BackupInstance (0ms)
			ReleaseScriptingObjects (0ms)
			CreateAndSetChildDomain (40ms)
		EndReloadAssembly (1024ms)
			LoadAssemblies (144ms)
			RebuildTransferFunctionScriptingTraits (0ms)
			SetupTypeCache (300ms)
			ReleaseScriptCaches (1ms)
			RebuildScriptCaches (37ms)
			SetupLoadedEditorAssemblies (453ms)
				LogAssemblyErrors (0ms)
				InitializePlatformSupportModulesInManaged (9ms)
				SetLoadedEditorAssemblies (0ms)
				RefreshPlugins (1ms)
				BeforeProcessingInitializeOnLoad (93ms)
				ProcessInitializeOnLoadAttributes (330ms)
				ProcessInitializeOnLoadMethodAttributes (3ms)
				AfterProcessingInitializeOnLoad (17ms)
				EditorAssembliesLoaded (0ms)
			ExecutionOrderSort2 (0ms)
			AwakeInstancesAfterBackupRestoration (6ms)
Platform modules already initialized, skipping
Refreshing native plugins compatible for Editor in 0.59 ms, found 3 plugins.
Preloading 0 native plugins for Editor in 0.00 ms.
Unloading 1472 Unused Serialized files (Serialized files now loaded: 0)
System memory in use before: 72.9 MB.
System memory in use after: 73.0 MB.

Unloading 31 unused Assets to reduce memory usage. Loaded Objects now: 1964.
Total: 4.011000 ms (FindLiveObjects: 0.194200 ms CreateObjectMapping: 0.035100 ms MarkObjects: 3.742700 ms  DeleteObjects: 0.036300 ms)

AssetImportParameters requested are different than current active one (requested -> active):
  custom:framework-win-MediaFoundation: 216162199b28c13a410421893ffa2e32 -> 
  custom:video-decoder-ogg-theora: a1e56fd34408186e4bbccfd4996cb3dc -> 
  custom:container-muxer-webm: aa71ff27fc2769a1b78a27578f13a17b -> 
  custom:container-demuxer-webm: 4f35f7cbe854078d1ac9338744f61a02 -> 
  custom:container-demuxer-ogg: 62fdf1f143b41e24485cea50d1cbac27 -> 
  custom:FusionILWeaverTriggerImporter/ConfigHash: f389082646ef939f6b1c764bb9ec0d68 -> 
  custom:video-encoder-webm-vp8: eb34c28f22e8b96e1ab97ce403110664 -> 
  custom:video-decoder-webm-vp8: 9c59270c3fd7afecdb556c50c9e8de78 -> 
  custom:audio-decoder-ogg-vorbis: bf7c407c2cedff20999df2af8eb42d56 -> 
  custom:audio-encoder-webm-vorbis: bf7c407c2cedff20999df2af8eb42d56 -> 
========================================================================
Received Import Request.
  Time since last request: 278.489624 seconds.
  path: Assets/Prefab/子彈物件.prefab
  artifactKey: Guid(d822ffc5d48807446a37538bb358d444) Importer(815301076,1909f56bfc062723c751e8b465ee728b)
Start importing Assets/Prefab/子彈物件.prefab using Guid(d822ffc5d48807446a37538bb358d444) Importer(815301076,1909f56bfc062723c751e8b465ee728b)  -> (artifact id: '872b3578bd2c5a9f8630e91f596bbef4') in 0.079167 seconds 
  Import took 0.082294 seconds .

========================================================================
Received Prepare
Registering precompiled user dll's ...
Registered in 0.018069 seconds.
Begin MonoManager ReloadAssembly
Native extension for WindowsStandalone target not found
Native extension for WebGL target not found
Refreshing native plugins compatible for Editor in 0.50 ms, found 3 plugins.
Preloading 0 native plugins for Editor in 0.00 ms.
Mono: successfully reloaded assembly
- Completed reload, in  1.269 seconds
Domain Reload Profiling:
	ReloadAssembly (1270ms)
		BeginReloadAssembly (164ms)
			ExecutionOrderSort (0ms)
			DisableScriptedObjects (5ms)
			BackupInstance (0ms)
			ReleaseScriptingObjects (0ms)
			CreateAndSetChildDomain (41ms)
		EndReloadAssembly (1015ms)
			LoadAssemblies (149ms)
			RebuildTransferFunctionScriptingTraits (0ms)
			SetupTypeCache (303ms)
			ReleaseScriptCaches (1ms)
			RebuildScriptCaches (36ms)
			SetupLoadedEditorAssemblies (453ms)
				LogAssemblyErrors (0ms)
				InitializePlatformSupportModulesInManaged (7ms)
				SetLoadedEditorAssemblies (0ms)
				RefreshPlugins (1ms)
				BeforeProcessingInitializeOnLoad (85ms)
				ProcessInitializeOnLoadAttributes (339ms)
				ProcessInitializeOnLoadMethodAttributes (5ms)
				AfterProcessingInitializeOnLoad (15ms)
				EditorAssembliesLoaded (0ms)
			ExecutionOrderSort2 (0ms)
			AwakeInstancesAfterBackupRestoration (7ms)
Platform modules already initialized, skipping
Refreshing native plugins compatible for Editor in 0.66 ms, found 3 plugins.
Preloading 0 native plugins for Editor in 0.00 ms.
Unloading 1472 Unused Serialized files (Serialized files now loaded: 0)
System memory in use before: 72.9 MB.
System memory in use after: 73.0 MB.

Unloading 31 unused Assets to reduce memory usage. Loaded Objects now: 1967.
Total: 3.147900 ms (FindLiveObjects: 0.176000 ms CreateObjectMapping: 0.035900 ms MarkObjects: 2.907500 ms  DeleteObjects: 0.026300 ms)

AssetImportParameters requested are different than current active one (requested -> active):
  custom:framework-win-MediaFoundation: 216162199b28c13a410421893ffa2e32 -> 
  custom:video-decoder-ogg-theora: a1e56fd34408186e4bbccfd4996cb3dc -> 
  custom:container-muxer-webm: aa71ff27fc2769a1b78a27578f13a17b -> 
  custom:container-demuxer-webm: 4f35f7cbe854078d1ac9338744f61a02 -> 
  custom:container-demuxer-ogg: 62fdf1f143b41e24485cea50d1cbac27 -> 
  custom:FusionILWeaverTriggerImporter/ConfigHash: f389082646ef939f6b1c764bb9ec0d68 -> 
  custom:video-encoder-webm-vp8: eb34c28f22e8b96e1ab97ce403110664 -> 
  custom:video-decoder-webm-vp8: 9c59270c3fd7afecdb556c50c9e8de78 -> 
  custom:audio-decoder-ogg-vorbis: bf7c407c2cedff20999df2af8eb42d56 -> 
  custom:audio-encoder-webm-vorbis: bf7c407c2cedff20999df2af8eb42d56 -> 
========================================================================
Received Prepare
Registering precompiled user dll's ...
Registered in 0.021335 seconds.
Begin MonoManager ReloadAssembly
Native extension for WindowsStandalone target not found
Native extension for WebGL target not found
Refreshing native plugins compatible for Editor in 0.73 ms, found 3 plugins.
Preloading 0 native plugins for Editor in 0.00 ms.
Mono: successfully reloaded assembly
- Completed reload, in  1.486 seconds
Domain Reload Profiling:
	ReloadAssembly (1486ms)
		BeginReloadAssembly (180ms)
			ExecutionOrderSort (0ms)
			DisableScriptedObjects (5ms)
			BackupInstance (0ms)
			ReleaseScriptingObjects (0ms)
			CreateAndSetChildDomain (45ms)
		EndReloadAssembly (1219ms)
			LoadAssemblies (166ms)
			RebuildTransferFunctionScriptingTraits (0ms)
			SetupTypeCache (349ms)
			ReleaseScriptCaches (1ms)
			RebuildScriptCaches (41ms)
			SetupLoadedEditorAssemblies (569ms)
				LogAssemblyErrors (0ms)
				InitializePlatformSupportModulesInManaged (8ms)
				SetLoadedEditorAssemblies (1ms)
				RefreshPlugins (1ms)
				BeforeProcessingInitializeOnLoad (112ms)
				ProcessInitializeOnLoadAttributes (425ms)
				ProcessInitializeOnLoadMethodAttributes (4ms)
				AfterProcessingInitializeOnLoad (18ms)
				EditorAssembliesLoaded (0ms)
			ExecutionOrderSort2 (0ms)
			AwakeInstancesAfterBackupRestoration (7ms)
Platform modules already initialized, skipping
Refreshing native plugins compatible for Editor in 0.63 ms, found 3 plugins.
Preloading 0 native plugins for Editor in 0.00 ms.
Unloading 1472 Unused Serialized files (Serialized files now loaded: 0)
System memory in use before: 72.9 MB.
System memory in use after: 73.0 MB.

Unloading 31 unused Assets to reduce memory usage. Loaded Objects now: 1969.
Total: 4.819800 ms (FindLiveObjects: 0.422700 ms CreateObjectMapping: 0.073400 ms MarkObjects: 4.293200 ms  DeleteObjects: 0.027500 ms)

AssetImportParameters requested are different than current active one (requested -> active):
  custom:framework-win-MediaFoundation: 216162199b28c13a410421893ffa2e32 -> 
  custom:video-decoder-ogg-theora: a1e56fd34408186e4bbccfd4996cb3dc -> 
  custom:container-muxer-webm: aa71ff27fc2769a1b78a27578f13a17b -> 
  custom:container-demuxer-webm: 4f35f7cbe854078d1ac9338744f61a02 -> 
  custom:container-demuxer-ogg: 62fdf1f143b41e24485cea50d1cbac27 -> 
  custom:FusionILWeaverTriggerImporter/ConfigHash: f389082646ef939f6b1c764bb9ec0d68 -> 
  custom:video-encoder-webm-vp8: eb34c28f22e8b96e1ab97ce403110664 -> 
  custom:video-decoder-webm-vp8: 9c59270c3fd7afecdb556c50c9e8de78 -> 
  custom:audio-decoder-ogg-vorbis: bf7c407c2cedff20999df2af8eb42d56 -> 
  custom:audio-encoder-webm-vorbis: bf7c407c2cedff20999df2af8eb42d56 -> 
========================================================================
Received Import Request.
  Time since last request: 50.173686 seconds.
  path: Assets/Prefab/子彈物件.prefab
  artifactKey: Guid(d822ffc5d48807446a37538bb358d444) Importer(815301076,1909f56bfc062723c751e8b465ee728b)
Start importing Assets/Prefab/子彈物件.prefab using Guid(d822ffc5d48807446a37538bb358d444) Importer(815301076,1909f56bfc062723c751e8b465ee728b)  -> (artifact id: '65ab5b4b10273e9e2e107721918ad7d1') in 0.086487 seconds 
  Import took 0.089656 seconds .

========================================================================
Received Import Request.
  Time since last request: 7.210841 seconds.
  path: Assets/Prefab/子彈物件.prefab
  artifactKey: Guid(d822ffc5d48807446a37538bb358d444) Importer(815301076,1909f56bfc062723c751e8b465ee728b)
Start importing Assets/Prefab/子彈物件.prefab using Guid(d822ffc5d48807446a37538bb358d444) Importer(815301076,1909f56bfc062723c751e8b465ee728b)  -> (artifact id: '99f06ce30fb268e88a24d9f6a5314421') in 0.023204 seconds 
  Import took 0.026894 seconds .

========================================================================
Received Import Request.
  Time since last request: 8.565725 seconds.
  path: Assets/Prefab/子彈物件.prefab
  artifactKey: Guid(d822ffc5d48807446a37538bb358d444) Importer(815301076,1909f56bfc062723c751e8b465ee728b)
Start importing Assets/Prefab/子彈物件.prefab using Guid(d822ffc5d48807446a37538bb358d444) Importer(815301076,1909f56bfc062723c751e8b465ee728b)  -> (artifact id: '5cca4210dd6afb96ee0fceb84a0b2501') in 0.022700 seconds 
  Import took 0.025857 seconds .

========================================================================
Received Import Request.
  Time since last request: 3.870931 seconds.
  path: Assets/Prefab/子彈物件.prefab
  artifactKey: Guid(d822ffc5d48807446a37538bb358d444) Importer(815301076,1909f56bfc062723c751e8b465ee728b)
Start importing Assets/Prefab/子彈物件.prefab using Guid(d822ffc5d48807446a37538bb358d444) Importer(815301076,1909f56bfc062723c751e8b465ee728b)  -> (artifact id: 'f6e0151fad6d1ee1b853e4bf227d5503') in 0.022752 seconds 
  Import took 0.026170 seconds .

========================================================================
Received Import Request.
  Time since last request: 3.027285 seconds.
  path: Assets/Prefab/子彈物件.prefab
  artifactKey: Guid(d822ffc5d48807446a37538bb358d444) Importer(815301076,1909f56bfc062723c751e8b465ee728b)
Start importing Assets/Prefab/子彈物件.prefab using Guid(d822ffc5d48807446a37538bb358d444) Importer(815301076,1909f56bfc062723c751e8b465ee728b)  -> (artifact id: '404360530a1fba40a56a76548ecbcb82') in 0.021491 seconds 
  Import took 0.025097 seconds .

========================================================================
Received Import Request.
  Time since last request: 0.384803 seconds.
  path: Assets/Prefab/子彈物件.prefab
  artifactKey: Guid(d822ffc5d48807446a37538bb358d444) Importer(815301076,1909f56bfc062723c751e8b465ee728b)
Start importing Assets/Prefab/子彈物件.prefab using Guid(d822ffc5d48807446a37538bb358d444) Importer(815301076,1909f56bfc062723c751e8b465ee728b)  -> (artifact id: 'c4ec799f9bd695e868297eba0aa1748c') in 0.021157 seconds 
  Import took 0.024471 seconds .

========================================================================
Received Import Request.
  Time since last request: 6.347720 seconds.
  path: Assets/Prefab/子彈物件.prefab
  artifactKey: Guid(d822ffc5d48807446a37538bb358d444) Importer(815301076,1909f56bfc062723c751e8b465ee728b)
Start importing Assets/Prefab/子彈物件.prefab using Guid(d822ffc5d48807446a37538bb358d444) Importer(815301076,1909f56bfc062723c751e8b465ee728b)  -> (artifact id: 'ce93a14083ce22a39d7db109e548198f') in 0.025568 seconds 
  Import took 0.029206 seconds .

========================================================================
Received Import Request.
  Time since last request: 7.898224 seconds.
  path: Assets/Prefab/子彈物件.prefab
  artifactKey: Guid(d822ffc5d48807446a37538bb358d444) Importer(815301076,1909f56bfc062723c751e8b465ee728b)
Start importing Assets/Prefab/子彈物件.prefab using Guid(d822ffc5d48807446a37538bb358d444) Importer(815301076,1909f56bfc062723c751e8b465ee728b)  -> (artifact id: '2b4a5bc87d0ab7e5000c8607bf180ddd') in 0.021631 seconds 
  Import took 0.025032 seconds .

========================================================================
Received Import Request.
  Time since last request: 11.407193 seconds.
  path: Assets/Prefab/子彈物件.prefab
  artifactKey: Guid(d822ffc5d48807446a37538bb358d444) Importer(815301076,1909f56bfc062723c751e8b465ee728b)
Start importing Assets/Prefab/子彈物件.prefab using Guid(d822ffc5d48807446a37538bb358d444) Importer(815301076,1909f56bfc062723c751e8b465ee728b)  -> (artifact id: 'd0ad95716e29ea8f00f5427fc4aa552a') in 0.020268 seconds 
  Import took 0.023459 seconds .

========================================================================
Received Import Request.
  Time since last request: 7.521516 seconds.
  path: Assets/Prefab/子彈物件.prefab
  artifactKey: Guid(d822ffc5d48807446a37538bb358d444) Importer(815301076,1909f56bfc062723c751e8b465ee728b)
Start importing Assets/Prefab/子彈物件.prefab using Guid(d822ffc5d48807446a37538bb358d444) Importer(815301076,1909f56bfc062723c751e8b465ee728b)  -> (artifact id: 'f25695232b548382d91d0a278145dba8') in 0.021175 seconds 
  Import took 0.024478 seconds .

========================================================================
Received Import Request.
  Time since last request: 10.621243 seconds.
  path: Assets/Prefab/子彈物件.prefab
  artifactKey: Guid(d822ffc5d48807446a37538bb358d444) Importer(815301076,1909f56bfc062723c751e8b465ee728b)
Start importing Assets/Prefab/子彈物件.prefab using Guid(d822ffc5d48807446a37538bb358d444) Importer(815301076,1909f56bfc062723c751e8b465ee728b)  -> (artifact id: '4528603fd9c7b211ad055d05c09de4f9') in 0.027227 seconds 
  Import took 0.041510 seconds .

========================================================================
Received Import Request.
  Time since last request: 3.469560 seconds.
  path: Assets/Prefab/子彈物件.prefab
  artifactKey: Guid(d822ffc5d48807446a37538bb358d444) Importer(815301076,1909f56bfc062723c751e8b465ee728b)
Start importing Assets/Prefab/子彈物件.prefab using Guid(d822ffc5d48807446a37538bb358d444) Importer(815301076,1909f56bfc062723c751e8b465ee728b)  -> (artifact id: '9304be50e9d99d0594f4e87500d8283a') in 0.020495 seconds 
  Import took 0.024621 seconds .

========================================================================
Received Import Request.
  Time since last request: 37.587746 seconds.
  path: Assets/Prefab/子彈物件.prefab
  artifactKey: Guid(d822ffc5d48807446a37538bb358d444) Importer(815301076,1909f56bfc062723c751e8b465ee728b)
Start importing Assets/Prefab/子彈物件.prefab using Guid(d822ffc5d48807446a37538bb358d444) Importer(815301076,1909f56bfc062723c751e8b465ee728b)  -> (artifact id: '42799151d8e577e56f294132d8c64e0a') in 0.020993 seconds 
  Import took 0.024270 seconds .

========================================================================
Received Prepare
Registering precompiled user dll's ...
Registered in 0.019021 seconds.
Begin MonoManager ReloadAssembly
Native extension for WindowsStandalone target not found
Native extension for WebGL target not found
Refreshing native plugins compatible for Editor in 0.54 ms, found 3 plugins.
Preloading 0 native plugins for Editor in 0.00 ms.
Mono: successfully reloaded assembly
- Completed reload, in  1.324 seconds
Domain Reload Profiling:
	ReloadAssembly (1325ms)
		BeginReloadAssembly (163ms)
			ExecutionOrderSort (0ms)
			DisableScriptedObjects (4ms)
			BackupInstance (0ms)
			ReleaseScriptingObjects (0ms)
			CreateAndSetChildDomain (43ms)
		EndReloadAssembly (1057ms)
			LoadAssemblies (162ms)
			RebuildTransferFunctionScriptingTraits (0ms)
			SetupTypeCache (312ms)
			ReleaseScriptCaches (1ms)
			RebuildScriptCaches (37ms)
			SetupLoadedEditorAssemblies (461ms)
				LogAssemblyErrors (0ms)
				InitializePlatformSupportModulesInManaged (6ms)
				SetLoadedEditorAssemblies (1ms)
				RefreshPlugins (1ms)
				BeforeProcessingInitializeOnLoad (91ms)
				ProcessInitializeOnLoadAttributes (342ms)
				ProcessInitializeOnLoadMethodAttributes (3ms)
				AfterProcessingInitializeOnLoad (17ms)
				EditorAssembliesLoaded (0ms)
			ExecutionOrderSort2 (0ms)
			AwakeInstancesAfterBackupRestoration (6ms)
Platform modules already initialized, skipping
Refreshing native plugins compatible for Editor in 0.69 ms, found 3 plugins.
Preloading 0 native plugins for Editor in 0.00 ms.
Unloading 1472 Unused Serialized files (Serialized files now loaded: 0)
System memory in use before: 72.9 MB.
System memory in use after: 73.1 MB.

Unloading 31 unused Assets to reduce memory usage. Loaded Objects now: 1972.
Total: 3.759900 ms (FindLiveObjects: 0.259900 ms CreateObjectMapping: 0.068300 ms MarkObjects: 3.399500 ms  DeleteObjects: 0.030400 ms)

AssetImportParameters requested are different than current active one (requested -> active):
  custom:framework-win-MediaFoundation: 216162199b28c13a410421893ffa2e32 -> 
  custom:video-decoder-ogg-theora: a1e56fd34408186e4bbccfd4996cb3dc -> 
  custom:container-muxer-webm: aa71ff27fc2769a1b78a27578f13a17b -> 
  custom:container-demuxer-webm: 4f35f7cbe854078d1ac9338744f61a02 -> 
  custom:container-demuxer-ogg: 62fdf1f143b41e24485cea50d1cbac27 -> 
  custom:FusionILWeaverTriggerImporter/ConfigHash: f389082646ef939f6b1c764bb9ec0d68 -> 
  custom:video-encoder-webm-vp8: eb34c28f22e8b96e1ab97ce403110664 -> 
  custom:video-decoder-webm-vp8: 9c59270c3fd7afecdb556c50c9e8de78 -> 
  custom:audio-decoder-ogg-vorbis: bf7c407c2cedff20999df2af8eb42d56 -> 
  custom:audio-encoder-webm-vorbis: bf7c407c2cedff20999df2af8eb42d56 -> 
========================================================================
Received Prepare
Registering precompiled user dll's ...
Registered in 0.019645 seconds.
Begin MonoManager ReloadAssembly
Native extension for WindowsStandalone target not found
Native extension for WebGL target not found
Refreshing native plugins compatible for Editor in 0.69 ms, found 3 plugins.
Preloading 0 native plugins for Editor in 0.00 ms.
Mono: successfully reloaded assembly
- Completed reload, in  1.297 seconds
Domain Reload Profiling:
	ReloadAssembly (1298ms)
		BeginReloadAssembly (153ms)
			ExecutionOrderSort (0ms)
			DisableScriptedObjects (6ms)
			BackupInstance (0ms)
			ReleaseScriptingObjects (0ms)
			CreateAndSetChildDomain (36ms)
		EndReloadAssembly (1059ms)
			LoadAssemblies (147ms)
			RebuildTransferFunctionScriptingTraits (0ms)
			SetupTypeCache (301ms)
			ReleaseScriptCaches (1ms)
			RebuildScriptCaches (36ms)
			SetupLoadedEditorAssemblies (491ms)
				LogAssemblyErrors (0ms)
				InitializePlatformSupportModulesInManaged (7ms)
				SetLoadedEditorAssemblies (1ms)
				RefreshPlugins (1ms)
				BeforeProcessingInitializeOnLoad (99ms)
				ProcessInitializeOnLoadAttributes (364ms)
				ProcessInitializeOnLoadMethodAttributes (4ms)
				AfterProcessingInitializeOnLoad (15ms)
				EditorAssembliesLoaded (0ms)
			ExecutionOrderSort2 (0ms)
			AwakeInstancesAfterBackupRestoration (7ms)
Platform modules already initialized, skipping
Refreshing native plugins compatible for Editor in 0.50 ms, found 3 plugins.
Preloading 0 native plugins for Editor in 0.00 ms.
Unloading 1472 Unused Serialized files (Serialized files now loaded: 0)
System memory in use before: 72.9 MB.
System memory in use after: 73.1 MB.

Unloading 31 unused Assets to reduce memory usage. Loaded Objects now: 1974.
Total: 3.593500 ms (FindLiveObjects: 0.236400 ms CreateObjectMapping: 0.038900 ms MarkObjects: 3.291500 ms  DeleteObjects: 0.024900 ms)

AssetImportParameters requested are different than current active one (requested -> active):
  custom:framework-win-MediaFoundation: 216162199b28c13a410421893ffa2e32 -> 
  custom:video-decoder-ogg-theora: a1e56fd34408186e4bbccfd4996cb3dc -> 
  custom:container-muxer-webm: aa71ff27fc2769a1b78a27578f13a17b -> 
  custom:container-demuxer-webm: 4f35f7cbe854078d1ac9338744f61a02 -> 
  custom:container-demuxer-ogg: 62fdf1f143b41e24485cea50d1cbac27 -> 
  custom:FusionILWeaverTriggerImporter/ConfigHash: f389082646ef939f6b1c764bb9ec0d68 -> 
  custom:video-encoder-webm-vp8: eb34c28f22e8b96e1ab97ce403110664 -> 
  custom:video-decoder-webm-vp8: 9c59270c3fd7afecdb556c50c9e8de78 -> 
  custom:audio-decoder-ogg-vorbis: bf7c407c2cedff20999df2af8eb42d56 -> 
  custom:audio-encoder-webm-vorbis: bf7c407c2cedff20999df2af8eb42d56 -> 
========================================================================
Received Import Request.
  Time since last request: 1291.736150 seconds.
  path: Assets/Prefab/坦克.prefab
  artifactKey: Guid(742c05d33205b5e4ebf7cc57b8a158b6) Importer(815301076,1909f56bfc062723c751e8b465ee728b)
Start importing Assets/Prefab/坦克.prefab using Guid(742c05d33205b5e4ebf7cc57b8a158b6) Importer(815301076,1909f56bfc062723c751e8b465ee728b)  -> (artifact id: '198956fc8f2ebe804eaad894f2e2dd0d') in 0.080893 seconds 
  Import took 0.086748 seconds .

========================================================================
Received Import Request.
  Time since last request: 24.405267 seconds.
  path: Assets/Prefab/坦克.prefab
  artifactKey: Guid(742c05d33205b5e4ebf7cc57b8a158b6) Importer(815301076,1909f56bfc062723c751e8b465ee728b)
Start importing Assets/Prefab/坦克.prefab using Guid(742c05d33205b5e4ebf7cc57b8a158b6) Importer(815301076,1909f56bfc062723c751e8b465ee728b)  -> (artifact id: 'c53756faacdb649ecb2ed12afd0acc03') in 0.025314 seconds 
  Import took 0.029610 seconds .

========================================================================
Received Import Request.
  Time since last request: 0.014627 seconds.
  path: Assets/Prefab/坦克.prefab
  artifactKey: Guid(742c05d33205b5e4ebf7cc57b8a158b6) Importer(815301076,1909f56bfc062723c751e8b465ee728b)
Start importing Assets/Prefab/坦克.prefab using Guid(742c05d33205b5e4ebf7cc57b8a158b6) Importer(815301076,1909f56bfc062723c751e8b465ee728b)  -> (artifact id: 'c53756faacdb649ecb2ed12afd0acc03') in 0.027300 seconds 
  Import took 0.031028 seconds .

========================================================================
Received Prepare
Registering precompiled user dll's ...
Registered in 0.019838 seconds.
Begin MonoManager ReloadAssembly
Native extension for WindowsStandalone target not found
Native extension for WebGL target not found
Refreshing native plugins compatible for Editor in 0.64 ms, found 3 plugins.
Preloading 0 native plugins for Editor in 0.00 ms.
Mono: successfully reloaded assembly
- Completed reload, in  1.502 seconds
Domain Reload Profiling:
	ReloadAssembly (1503ms)
		BeginReloadAssembly (159ms)
			ExecutionOrderSort (0ms)
			DisableScriptedObjects (4ms)
			BackupInstance (0ms)
			ReleaseScriptingObjects (0ms)
			CreateAndSetChildDomain (44ms)
		EndReloadAssembly (1256ms)
			LoadAssemblies (163ms)
			RebuildTransferFunctionScriptingTraits (0ms)
			SetupTypeCache (356ms)
			ReleaseScriptCaches (1ms)
			RebuildScriptCaches (45ms)
			SetupLoadedEditorAssemblies (588ms)
				LogAssemblyErrors (0ms)
				InitializePlatformSupportModulesInManaged (8ms)
				SetLoadedEditorAssemblies (1ms)
				RefreshPlugins (1ms)
				BeforeProcessingInitializeOnLoad (113ms)
				ProcessInitializeOnLoadAttributes (443ms)
				ProcessInitializeOnLoadMethodAttributes (4ms)
				AfterProcessingInitializeOnLoad (18ms)
				EditorAssembliesLoaded (0ms)
			ExecutionOrderSort2 (0ms)
			AwakeInstancesAfterBackupRestoration (8ms)
Platform modules already initialized, skipping
Refreshing native plugins compatible for Editor in 0.56 ms, found 3 plugins.
Preloading 0 native plugins for Editor in 0.00 ms.
Unloading 1472 Unused Serialized files (Serialized files now loaded: 0)
System memory in use before: 73.0 MB.
System memory in use after: 73.1 MB.

Unloading 31 unused Assets to reduce memory usage. Loaded Objects now: 1977.
Total: 4.401800 ms (FindLiveObjects: 0.405500 ms CreateObjectMapping: 0.061100 ms MarkObjects: 3.906600 ms  DeleteObjects: 0.026300 ms)

AssetImportParameters requested are different than current active one (requested -> active):
  custom:framework-win-MediaFoundation: 216162199b28c13a410421893ffa2e32 -> 
  custom:video-decoder-ogg-theora: a1e56fd34408186e4bbccfd4996cb3dc -> 
  custom:container-muxer-webm: aa71ff27fc2769a1b78a27578f13a17b -> 
  custom:container-demuxer-webm: 4f35f7cbe854078d1ac9338744f61a02 -> 
  custom:container-demuxer-ogg: 62fdf1f143b41e24485cea50d1cbac27 -> 
  custom:FusionILWeaverTriggerImporter/ConfigHash: f389082646ef939f6b1c764bb9ec0d68 -> 
  custom:video-encoder-webm-vp8: eb34c28f22e8b96e1ab97ce403110664 -> 
  custom:video-decoder-webm-vp8: 9c59270c3fd7afecdb556c50c9e8de78 -> 
  custom:audio-decoder-ogg-vorbis: bf7c407c2cedff20999df2af8eb42d56 -> 
  custom:audio-encoder-webm-vorbis: bf7c407c2cedff20999df2af8eb42d56 -> 
========================================================================
Received Import Request.
  Time since last request: 79.047192 seconds.
  path: Assets/Prefab/子彈物件.prefab
  artifactKey: Guid(d822ffc5d48807446a37538bb358d444) Importer(815301076,1909f56bfc062723c751e8b465ee728b)
Start importing Assets/Prefab/子彈物件.prefab using Guid(d822ffc5d48807446a37538bb358d444) Importer(815301076,1909f56bfc062723c751e8b465ee728b)  -> (artifact id: 'a29edb0ac06015092cb5e31c65600da3') in 0.079997 seconds 
  Import took 0.083235 seconds .

========================================================================
Received Import Request.
  Time since last request: 3.801463 seconds.
  path: Assets/Prefab/子彈物件.prefab
  artifactKey: Guid(d822ffc5d48807446a37538bb358d444) Importer(815301076,1909f56bfc062723c751e8b465ee728b)
Start importing Assets/Prefab/子彈物件.prefab using Guid(d822ffc5d48807446a37538bb358d444) Importer(815301076,1909f56bfc062723c751e8b465ee728b)  -> (artifact id: '21edc7b71d20ba00943b90fcbb6eb9ea') in 0.033549 seconds 
  Import took 0.037416 seconds .

========================================================================
Received Import Request.
  Time since last request: 1396.032087 seconds.
  path: Assets/Cartoon_Tank_Free/CTF_Materials/CTF_Mat_TankFree_Red.mat
  artifactKey: Guid(4bd122cb58a5d8645afd8bf406f31e3f) Importer(815301076,1909f56bfc062723c751e8b465ee728b)
Start importing Assets/Cartoon_Tank_Free/CTF_Materials/CTF_Mat_TankFree_Red.mat using Guid(4bd122cb58a5d8645afd8bf406f31e3f) Importer(815301076,1909f56bfc062723c751e8b465ee728b)  -> (artifact id: '65b02871f95eb9cf32e0b46406713e54') in 0.085486 seconds 
  Import took 0.088925 seconds .

========================================================================
Received Import Request.
  Time since last request: 0.000206 seconds.
  path: Assets/Photon/Fusion/Scripts/Prototyping/Materials/FusionPrototypeMaterial.mat
  artifactKey: Guid(38fbbd3db9e06c54e8a11016e2381469) Importer(815301076,1909f56bfc062723c751e8b465ee728b)
Start importing Assets/Photon/Fusion/Scripts/Prototyping/Materials/FusionPrototypeMaterial.mat using Guid(38fbbd3db9e06c54e8a11016e2381469) Importer(815301076,1909f56bfc062723c751e8b465ee728b)  -> (artifact id: 'd7d51f92fbee36cb1c8064256ffddbf8') in 0.040912 seconds 
  Import took 0.044137 seconds .

========================================================================
Received Import Request.
  Time since last request: 0.000205 seconds.
  path: Assets/Photon/Fusion/Scripts/Prototyping/Materials/FusionPrototypeMaterialRed.mat
  artifactKey: Guid(42b24d338df372049a18bd257e6bc550) Importer(815301076,1909f56bfc062723c751e8b465ee728b)
Start importing Assets/Photon/Fusion/Scripts/Prototyping/Materials/FusionPrototypeMaterialRed.mat using Guid(42b24d338df372049a18bd257e6bc550) Importer(815301076,1909f56bfc062723c751e8b465ee728b)  -> (artifact id: 'f2544ec84eb76eb4a031ff55618e595c') in 0.031766 seconds 
  Import took 0.034813 seconds .

========================================================================
Received Import Request.
  Time since last request: 0.000212 seconds.
  path: Assets/Photon/Fusion/Scripts/Prototyping/Materials/FusionPrototypeMaterialCyan.mat
  artifactKey: Guid(1ed66b76f883f11419ff9b35e5f31616) Importer(815301076,1909f56bfc062723c751e8b465ee728b)
Start importing Assets/Photon/Fusion/Scripts/Prototyping/Materials/FusionPrototypeMaterialCyan.mat using Guid(1ed66b76f883f11419ff9b35e5f31616) Importer(815301076,1909f56bfc062723c751e8b465ee728b)  -> (artifact id: 'da2767e5990162201a84336da46de1c8') in 0.029901 seconds 
  Import took 0.033554 seconds .

========================================================================
Received Import Request.
  Time since last request: 0.000200 seconds.
  path: Assets/Photon/Fusion/Scripts/Prototyping/Materials/FusionPrototypeMaterialHex.mat
  artifactKey: Guid(2baf260ec284cd248b4192b400c291ce) Importer(815301076,1909f56bfc062723c751e8b465ee728b)
Start importing Assets/Photon/Fusion/Scripts/Prototyping/Materials/FusionPrototypeMaterialHex.mat using Guid(2baf260ec284cd248b4192b400c291ce) Importer(815301076,1909f56bfc062723c751e8b465ee728b)  -> (artifact id: '37b762c99ad68d3afc2e8999df7f1bb5') in 0.026417 seconds 
  Import took 0.029186 seconds .

========================================================================
Received Import Request.
  Time since last request: 0.000221 seconds.
  path: Assets/Cartoon_Tank_Free/CTF_Materials/CTF_Mat_TankFree_Red.mat
  artifactKey: Guid(4bd122cb58a5d8645afd8bf406f31e3f) Importer(815301076,1909f56bfc062723c751e8b465ee728b)
Start importing Assets/Cartoon_Tank_Free/CTF_Materials/CTF_Mat_TankFree_Red.mat using Guid(4bd122cb58a5d8645afd8bf406f31e3f) Importer(815301076,1909f56bfc062723c751e8b465ee728b)  -> (artifact id: '65b02871f95eb9cf32e0b46406713e54') in 0.041850 seconds 
  Import took 0.045937 seconds .

========================================================================
Received Import Request.
  Time since last request: 0.000192 seconds.
  path: Assets/Cartoon_Tank_Free/CTF_Materials/CTF_Mat_TankFree_Yel.mat
  artifactKey: Guid(546738ce5c5f3484bb590ed3d3f696ee) Importer(815301076,1909f56bfc062723c751e8b465ee728b)
Start importing Assets/Cartoon_Tank_Free/CTF_Materials/CTF_Mat_TankFree_Yel.mat using Guid(546738ce5c5f3484bb590ed3d3f696ee) Importer(815301076,1909f56bfc062723c751e8b465ee728b)  -> (artifact id: 'd452db12282a2cdc89e6bcca3940b786') in 0.052070 seconds 
  Import took 0.056469 seconds .

========================================================================
Received Import Request.
  Time since last request: 0.000294 seconds.
  path: Assets/Photon/Fusion/Scripts/Prototyping/Materials/FusionPrototypeMaterialBlack.mat
  artifactKey: Guid(5d1b896bc311a1d438c929c45b0c5fbc) Importer(815301076,1909f56bfc062723c751e8b465ee728b)
Start importing Assets/Photon/Fusion/Scripts/Prototyping/Materials/FusionPrototypeMaterialBlack.mat using Guid(5d1b896bc311a1d438c929c45b0c5fbc) Importer(815301076,1909f56bfc062723c751e8b465ee728b)  -> (artifact id: '3d968d878b383ce094480fa7bf0a6fce') in 0.028781 seconds 
  Import took 0.032278 seconds .

========================================================================
Received Import Request.
  Time since last request: 0.000279 seconds.
  path: Assets/Photon/Fusion/Scripts/Prototyping/Materials/FusionPrototypeMaterialBlue.mat
  artifactKey: Guid(1e79a222d16731a4e96e7360bf14bdfd) Importer(815301076,1909f56bfc062723c751e8b465ee728b)
Start importing Assets/Photon/Fusion/Scripts/Prototyping/Materials/FusionPrototypeMaterialBlue.mat using Guid(1e79a222d16731a4e96e7360bf14bdfd) Importer(815301076,1909f56bfc062723c751e8b465ee728b)  -> (artifact id: '2aa70c6b437e0867f249f70330acb667') in 0.028126 seconds 
  Import took 0.031328 seconds .

========================================================================
Received Import Request.
  Time since last request: 0.000208 seconds.
  path: Assets/Photon/Fusion/Scripts/Prototyping/Materials/FusionPrototypeMaterialGreen.mat
  artifactKey: Guid(8f9372f58500a3f46ba541ea24e6d105) Importer(815301076,1909f56bfc062723c751e8b465ee728b)
Start importing Assets/Photon/Fusion/Scripts/Prototyping/Materials/FusionPrototypeMaterialGreen.mat using Guid(8f9372f58500a3f46ba541ea24e6d105) Importer(815301076,1909f56bfc062723c751e8b465ee728b)  -> (artifact id: 'd24ff8ff9385363972934a8e0ad6785e') in 0.024876 seconds 
  Import took 0.028228 seconds .

========================================================================
Received Import Request.
  Time since last request: 0.000310 seconds.
  path: Assets/Photon/Fusion/Scripts/Prototyping/Materials/FusionPrototypeMaterialYellow.mat
  artifactKey: Guid(37cb86b5e2e83fb47a760ff23a51aff6) Importer(815301076,1909f56bfc062723c751e8b465ee728b)
Start importing Assets/Photon/Fusion/Scripts/Prototyping/Materials/FusionPrototypeMaterialYellow.mat using Guid(37cb86b5e2e83fb47a760ff23a51aff6) Importer(815301076,1909f56bfc062723c751e8b465ee728b)  -> (artifact id: 'a36f273ea50a5b400c4a9af015a0a7c9') in 0.026644 seconds 
  Import took 0.030515 seconds .

========================================================================
Received Import Request.
  Time since last request: 0.000237 seconds.
  path: Assets/Photon/Fusion/Scripts/Prototyping/Materials/FusionPrototypeMaterialBox.mat
  artifactKey: Guid(2544ff8e0cb0b4649ad11a93d3259ffa) Importer(815301076,1909f56bfc062723c751e8b465ee728b)
Start importing Assets/Photon/Fusion/Scripts/Prototyping/Materials/FusionPrototypeMaterialBox.mat using Guid(2544ff8e0cb0b4649ad11a93d3259ffa) Importer(815301076,1909f56bfc062723c751e8b465ee728b)  -> (artifact id: 'dc1aec4f475050c351b2f6e2f1500291') in 0.034390 seconds 
  Import took 0.037069 seconds .

========================================================================
Received Import Request.
  Time since last request: 0.000233 seconds.
  path: Assets/Photon/Fusion/Scripts/Prototyping/Materials/FusionPrototypeMaterialFloor.mat
  artifactKey: Guid(002db72054162e04b917e86a395e0a0f) Importer(815301076,1909f56bfc062723c751e8b465ee728b)
Start importing Assets/Photon/Fusion/Scripts/Prototyping/Materials/FusionPrototypeMaterialFloor.mat using Guid(002db72054162e04b917e86a395e0a0f) Importer(815301076,1909f56bfc062723c751e8b465ee728b)  -> (artifact id: '9eacc60306e30ed2b8a82c93974b7f9d') in 0.039161 seconds 
  Import took 0.043000 seconds .

========================================================================
Received Import Request.
  Time since last request: 0.000287 seconds.
  path: Assets/Photon/Fusion/Scripts/Prototyping/Materials/FusionPrototypeMaterialBall.mat
  artifactKey: Guid(3dcabcbc2cd009d4bac7889f284c6345) Importer(815301076,1909f56bfc062723c751e8b465ee728b)
Start importing Assets/Photon/Fusion/Scripts/Prototyping/Materials/FusionPrototypeMaterialBall.mat using Guid(3dcabcbc2cd009d4bac7889f284c6345) Importer(815301076,1909f56bfc062723c751e8b465ee728b)  -> (artifact id: '1f29d2d46754718105b88bf73f3e181d') in 0.031648 seconds 
  Import took 0.035829 seconds .

========================================================================
Received Prepare
Registering precompiled user dll's ...
Registered in 0.016841 seconds.
Begin MonoManager ReloadAssembly
Native extension for WindowsStandalone target not found
Native extension for WebGL target not found
Refreshing native plugins compatible for Editor in 0.61 ms, found 3 plugins.
Preloading 0 native plugins for Editor in 0.00 ms.
Mono: successfully reloaded assembly
- Completed reload, in  1.479 seconds
Domain Reload Profiling:
	ReloadAssembly (1481ms)
		BeginReloadAssembly (263ms)
			ExecutionOrderSort (0ms)
			DisableScriptedObjects (13ms)
			BackupInstance (0ms)
			ReleaseScriptingObjects (0ms)
			CreateAndSetChildDomain (113ms)
		EndReloadAssembly (1129ms)
			LoadAssemblies (158ms)
			RebuildTransferFunctionScriptingTraits (0ms)
			SetupTypeCache (346ms)
			ReleaseScriptCaches (1ms)
			RebuildScriptCaches (38ms)
			SetupLoadedEditorAssemblies (496ms)
				LogAssemblyErrors (0ms)
				InitializePlatformSupportModulesInManaged (9ms)
				SetLoadedEditorAssemblies (1ms)
				RefreshPlugins (1ms)
				BeforeProcessingInitializeOnLoad (100ms)
				ProcessInitializeOnLoadAttributes (366ms)
				ProcessInitializeOnLoadMethodAttributes (4ms)
				AfterProcessingInitializeOnLoad (16ms)
				EditorAssembliesLoaded (0ms)
			ExecutionOrderSort2 (0ms)
			AwakeInstancesAfterBackupRestoration (6ms)
Platform modules already initialized, skipping
Refreshing native plugins compatible for Editor in 0.53 ms, found 3 plugins.
Preloading 0 native plugins for Editor in 0.00 ms.
Unloading 1472 Unused Serialized files (Serialized files now loaded: 0)
System memory in use before: 73.2 MB.
System memory in use after: 73.3 MB.

Unloading 31 unused Assets to reduce memory usage. Loaded Objects now: 2013.
Total: 4.712100 ms (FindLiveObjects: 0.246600 ms CreateObjectMapping: 0.036500 ms MarkObjects: 4.380400 ms  DeleteObjects: 0.046900 ms)

AssetImportParameters requested are different than current active one (requested -> active):
  custom:framework-win-MediaFoundation: 216162199b28c13a410421893ffa2e32 -> 
  custom:video-decoder-ogg-theora: a1e56fd34408186e4bbccfd4996cb3dc -> 
  custom:container-muxer-webm: aa71ff27fc2769a1b78a27578f13a17b -> 
  custom:container-demuxer-webm: 4f35f7cbe854078d1ac9338744f61a02 -> 
  custom:container-demuxer-ogg: 62fdf1f143b41e24485cea50d1cbac27 -> 
  custom:FusionILWeaverTriggerImporter/ConfigHash: f389082646ef939f6b1c764bb9ec0d68 -> 
  custom:video-encoder-webm-vp8: eb34c28f22e8b96e1ab97ce403110664 -> 
  custom:video-decoder-webm-vp8: 9c59270c3fd7afecdb556c50c9e8de78 -> 
  custom:audio-decoder-ogg-vorbis: bf7c407c2cedff20999df2af8eb42d56 -> 
  custom:audio-encoder-webm-vorbis: bf7c407c2cedff20999df2af8eb42d56 -> 
========================================================================
Received Prepare
Registering precompiled user dll's ...
Registered in 0.020203 seconds.
Begin MonoManager ReloadAssembly
Native extension for WindowsStandalone target not found
Native extension for WebGL target not found
Refreshing native plugins compatible for Editor in 0.52 ms, found 3 plugins.
Preloading 0 native plugins for Editor in 0.00 ms.
Mono: successfully reloaded assembly
- Completed reload, in  1.387 seconds
Domain Reload Profiling:
	ReloadAssembly (1387ms)
		BeginReloadAssembly (184ms)
			ExecutionOrderSort (0ms)
			DisableScriptedObjects (5ms)
			BackupInstance (0ms)
			ReleaseScriptingObjects (0ms)
			CreateAndSetChildDomain (41ms)
		EndReloadAssembly (1097ms)
			LoadAssemblies (172ms)
			RebuildTransferFunctionScriptingTraits (0ms)
			SetupTypeCache (323ms)
			ReleaseScriptCaches (1ms)
			RebuildScriptCaches (38ms)
			SetupLoadedEditorAssemblies (494ms)
				LogAssemblyErrors (0ms)
				InitializePlatformSupportModulesInManaged (8ms)
				SetLoadedEditorAssemblies (0ms)
				RefreshPlugins (1ms)
				BeforeProcessingInitializeOnLoad (95ms)
				ProcessInitializeOnLoadAttributes (370ms)
				ProcessInitializeOnLoadMethodAttributes (4ms)
				AfterProcessingInitializeOnLoad (16ms)
				EditorAssembliesLoaded (0ms)
			ExecutionOrderSort2 (0ms)
			AwakeInstancesAfterBackupRestoration (7ms)
Platform modules already initialized, skipping
Refreshing native plugins compatible for Editor in 0.69 ms, found 3 plugins.
Preloading 0 native plugins for Editor in 0.00 ms.
Unloading 1472 Unused Serialized files (Serialized files now loaded: 0)
System memory in use before: 73.2 MB.
System memory in use after: 73.3 MB.

Unloading 31 unused Assets to reduce memory usage. Loaded Objects now: 2015.
Total: 4.253600 ms (FindLiveObjects: 0.227500 ms CreateObjectMapping: 0.066900 ms MarkObjects: 3.924700 ms  DeleteObjects: 0.031900 ms)

AssetImportParameters requested are different than current active one (requested -> active):
  custom:framework-win-MediaFoundation: 216162199b28c13a410421893ffa2e32 -> 
  custom:video-decoder-ogg-theora: a1e56fd34408186e4bbccfd4996cb3dc -> 
  custom:container-muxer-webm: aa71ff27fc2769a1b78a27578f13a17b -> 
  custom:container-demuxer-webm: 4f35f7cbe854078d1ac9338744f61a02 -> 
  custom:container-demuxer-ogg: 62fdf1f143b41e24485cea50d1cbac27 -> 
  custom:FusionILWeaverTriggerImporter/ConfigHash: f389082646ef939f6b1c764bb9ec0d68 -> 
  custom:video-encoder-webm-vp8: eb34c28f22e8b96e1ab97ce403110664 -> 
  custom:video-decoder-webm-vp8: 9c59270c3fd7afecdb556c50c9e8de78 -> 
  custom:audio-decoder-ogg-vorbis: bf7c407c2cedff20999df2af8eb42d56 -> 
  custom:audio-encoder-webm-vorbis: bf7c407c2cedff20999df2af8eb42d56 -> 
AssetImportWorkerClient::OnTransportError - code=2 error=End of file
